 PATH path31 FOUND 
SVG scale factor = 1.000000
SVG offset = 0.000000,0.000000
POLYGON  0)
Move (abs)	raw = 75.44,100.74	coord = 75.44,100.74
	raw = 71.69,99.74	coord = 71.69,99.74
	raw = 67.97,98.67	coord = 67.97,98.67
	raw = 64.27,97.51	coord = 64.27,97.51
	raw = 60.61,96.26	coord = 60.61,96.26
	raw = 57.55,94.97	coord = 57.55,94.97
	raw = 54.60,93.43	coord = 54.60,93.43
	raw = 51.79,91.66	coord = 51.79,91.66
	raw = 49.13,89.68	coord = 49.13,89.68
Line (rel)	raw = -2.68,-2.43	coord = 46.44,87.25
	raw = -2.40,-2.71	coord = 44.05,84.54
	raw = -2.01,-3.01	coord = 42.03,81.53
	raw = -1.56,-3.27	coord = 40.48,78.27
	raw = -1.08,-3.45	coord = 39.40,74.81
	raw = -0.64,-3.56	coord = 38.76,71.25
	raw = -0.09,-3.07	coord = 38.67,68.18
	raw = 0.18,-3.07	coord = 38.84,65.11
	raw = 0.78,-4.32	coord = 39.62,60.79
	raw = 1.17,-4.23	coord = 40.79,56.56
	raw = 1.52,-4.12	coord = 42.31,52.45
	raw = 1.80,-4.00	coord = 44.11,48.45
	raw = 0.83,-1.77	coord = 44.94,46.67
	raw = -1.66,-0.15	coord = 43.27,46.53
	raw = -4.45,-0.39	coord = 38.83,46.14
	raw = -4.43,-0.52	coord = 34.39,45.61
	raw = -4.41,-0.71	coord = 29.99,44.90
	raw = -4.36,-0.97	coord = 25.63,43.93
	raw = -2.41,-0.67	coord = 23.22,43.26
	raw = -2.36,-0.82	coord = 20.86,42.44
	raw = -3.29,-1.73	coord = 17.56,40.71
	raw = -0.23,-1.02	coord = 17.34,39.68
	raw = 1.17,-0.88	coord = 18.50,38.81
	raw = 2.70,0.47	coord = 21.20,39.27
	raw = 2.67,0.59	coord = 23.87,39.87
	raw = 3.29,0.75	coord = 27.17,40.61
	raw = 3.32,0.63	coord = 30.49,41.24
	raw = 3.34,0.52	coord = 33.82,41.76
	raw = 3.35,0.43	coord = 37.17,42.19
	raw = 3.36,0.34	coord = 40.54,42.53
	raw = 3.37,0.28	coord = 43.90,42.81
	raw = 3.20,0.04	coord = 47.10,42.85
	raw = 1.08,-1.74	coord = 48.18,41.11
	raw = 1.97,-2.94	coord = 50.15,38.17
	raw = 2.09,-2.86	coord = 52.25,35.31
	raw = 2.21,-2.77	coord = 54.46,32.54
	raw = 2.31,-2.68	coord = 56.77,29.86
	raw = 3.11,-3.31	coord = 59.88,26.55
	raw = 3.23,-3.19	coord = 63.11,23.36
	raw = 2.73,-2.40	coord = 65.84,20.96
	raw = 2.81,-2.30	coord = 68.65,18.66
	raw = 0.57,0.85	coord = 69.23,19.51
	raw = -3.12,3.60	coord = 66.10,23.11
	raw = -2.49,2.62	coord = 63.61,25.73
	raw = -2.43,2.68	coord = 61.18,28.41
	raw = -2.35,2.75	coord = 58.83,31.16
	raw = -2.26,2.82	coord = 56.57,33.98
	raw = -2.16,2.90	coord = 54.41,36.87
	raw = -2.04,2.98	coord = 52.37,39.86
	raw = -2.00,3.30	coord = 50.37,43.16
	raw = 3.65,0.21	coord = 54.02,43.37
	raw = 3.65,0.15	coord = 57.67,43.52
	raw = 3.95,0.12	coord = 61.62,43.64
	raw = 3.95,0.06	coord = 65.58,43.70
	raw = 3.95,0.01	coord = 69.53,43.71
	raw = 3.95,-0.04	coord = 73.48,43.67
	raw = 3.95,-0.10	coord = 77.43,43.57
	raw = 3.95,-0.18	coord = 81.38,43.39
	raw = 4.95,-0.40	coord = 86.34,42.99
	raw = 4.93,-0.65	coord = 91.27,42.35
	raw = 4.87,-0.99	coord = 96.14,41.36
	raw = 4.77,-1.41	coord = 100.91,39.95
	raw = 4.17,-1.82	coord = 105.08,38.13
	raw = 3.13,-3.11	coord = 108.21,35.02
	raw = -3.46,-2.95	coord = 104.75,32.07
	raw = -4.51,-1.46	coord = 100.24,30.61
	raw = -3.15,-0.65	coord = 97.09,29.96
	raw = -3.19,-0.48	coord = 93.90,29.48
	raw = -3.20,-0.37	coord = 90.70,29.11
	raw = -3.21,-0.27	coord = 87.49,28.85
	raw = -4.28,-0.21	coord = 83.20,28.64
	raw = -4.29,-0.11	coord = 78.92,28.53
	raw = -4.36,-0.11	coord = 74.55,28.42
	raw = -4.36,-0.21	coord = 70.19,28.21
	raw = -3.94,-0.76	coord = 66.25,27.45
	raw = -0.37,-1.79	coord = 65.88,25.66
	raw = 0.84,-0.83	coord = 66.72,24.83
	raw = 4.27,-0.76	coord = 70.99,24.07
	raw = 4.29,-0.67	coord = 75.28,23.40
	raw = 4.81,-0.79	coord = 80.09,22.61
	raw = 4.77,-1.01	coord = 84.86,21.60
	raw = 3.52,-1.09	coord = 88.39,20.51
	raw = -0.76,-0.30	coord = 87.62,20.22
	raw = -4.56,-1.05	coord = 83.06,19.16
	raw = -4.65,-0.61	coord = 78.41,18.55
	raw = -3.33,-0.43	coord = 75.08,18.12
	raw = -2.92,-0.37	coord = 72.17,17.75
	raw = -2.94,-0.09	coord = 69.23,17.66
	raw = -2.37,-0.00	coord = 66.85,17.65
	raw = -0.19,-0.22	coord = 66.66,17.43
	raw = -0.09,-0.89	coord = 66.57,16.55
	raw = 2.19,-1.02	coord = 68.76,15.53
	raw = 2.53,-0.22	coord = 71.29,15.31
	raw = 3.83,0.25	coord = 75.12,15.56
	raw = 3.29,0.37	coord = 78.41,15.93
	raw = 2.69,0.30	coord = 81.10,16.23
	raw = 2.69,0.38	coord = 83.79,16.61
	raw = 2.66,0.52	coord = 86.45,17.13
	raw = 2.60,0.76	coord = 89.05,17.90
	raw = 2.82,1.75	coord = 91.87,19.65
	raw = -0.47,2.09	coord = 91.40,21.73
	raw = -1.53,1.00	coord = 89.87,22.73
	raw = -2.24,0.91	coord = 87.62,23.63
	raw = -3.56,0.96	coord = 84.07,24.59
	raw = -3.58,0.86	coord = 80.48,25.45
	raw = 1.29,0.17	coord = 81.77,25.62
	raw = 3.49,0.16	coord = 85.26,25.79
	raw = 3.49,0.27	coord = 88.75,26.05
	raw = 3.48,0.37	coord = 92.23,26.43
	raw = 3.46,0.49	coord = 95.69,26.92
	raw = 3.44,0.64	coord = 99.12,27.56
	raw = 3.39,0.86	coord = 102.51,28.42
	raw = 3.73,1.36	coord = 106.24,29.78
	raw = 3.29,2.19	coord = 109.54,31.97
	raw = 1.41,3.06	coord = 110.95,35.02
	raw = -0.85,2.61	coord = 110.10,37.64
	raw = -2.00,1.94	coord = 108.09,39.58
	raw = -4.11,2.36	coord = 103.99,41.94
	raw = -4.42,1.71	coord = 99.56,43.65
	raw = -4.57,1.28	coord = 94.99,44.93
	raw = -4.65,0.92	coord = 90.34,45.85
	raw = -3.80,0.52	coord = 86.54,46.38
	raw = -3.82,0.37	coord = 82.71,46.75
	raw = -3.83,0.26	coord = 78.88,47.01
	raw = -3.84,0.19	coord = 75.04,47.20
	raw = -3.76,0.08	coord = 71.29,47.28
	raw = -3.76,0.04	coord = 67.53,47.32
	raw = -4.09,0.01	coord = 63.44,47.33
Line (abs)	raw = 59.35,47.28	coord = 59.35,47.28
	raw = 55.26,47.17	coord = 55.26,47.17
	raw = 51.18,46.99	coord = 51.18,46.99
	raw = 48.71,46.88	coord = 48.71,46.88
Horz (rel)	raw = -0.44,0.00	coord = 48.27,46.88
Line (rel)	raw = -0.75,1.55	coord = 47.52,48.42
	raw = -1.84,4.05	coord = 45.68,52.47
	raw = -1.58,4.16	coord = 44.10,56.63
	raw = -1.24,4.27	coord = 42.86,60.90
	raw = -0.82,4.37	coord = 42.05,65.28
	raw = -0.18,3.06	coord = 41.87,68.34
	raw = 0.15,3.07	coord = 42.01,71.41
	raw = 0.52,2.74	coord = 42.53,74.15
	raw = 0.82,2.67	coord = 43.35,76.82
	raw = 1.14,2.55	coord = 44.50,79.37
	raw = 1.45,2.38	coord = 45.95,81.75
	raw = 2.06,2.54	coord = 48.01,84.30
	raw = 2.35,2.28	coord = 50.36,86.58
	raw = 2.56,2.05	coord = 52.91,88.63
	raw = 2.73,1.82	coord = 55.64,90.45
	raw = 2.34,1.30	coord = 57.98,91.75
	raw = 2.40,1.18	coord = 60.37,92.93
	raw = 3.76,1.42	coord = 64.13,94.35
	raw = 3.82,1.26	coord = 67.95,95.61
	raw = 3.85,1.17	coord = 71.80,96.78
	raw = 3.87,1.08	coord = 75.67,97.85
	raw = 2.25,0.65	coord = 77.92,98.50
	raw = 0.57,2.05	coord = 78.50,100.55
	raw = -1.15,0.62	coord = 77.35,101.18
	raw = -1.91,-0.43	coord = 75.44,100.74
Vert (rel)ERROR

End polygon at 75.44,100.74


Object origin:
46.806750 42.932300

Eagle Command:
set wire_bend 2;
change layer tNames;
set width 0.000500;
poly (R 0.112934 -0.425003) (R 0.075516 -0.414956) (R 0.038291 -0.404228) (R 0.001307 -0.392702) (R -0.035345 -0.380151) (R -0.065968 -0.367288) (R -0.095382 -0.351852) (R -0.123533 -0.334208) (R -0.150165 -0.314333) (R -0.177001 -0.290066) (R -0.200962 -0.262945) (R -0.221093 -0.232886) (R -0.236651 -0.200234) (R -0.247431 -0.165696) (R -0.253821 -0.130084) (R -0.254757 -0.099356) (R -0.252982 -0.068660) (R -0.245228 -0.025490) (R -0.233546 0.016783) (R -0.218361 0.057937) (R -0.200356 0.097938) (R -0.192043 0.115686) (R -0.208674 0.117153) (R -0.253147 0.121070) (R -0.297481 0.126315) (R -0.341543 0.133463) (R -0.385109 0.143137) (R -0.409203 0.149874) (R -0.432840 0.158044) (R -0.465777 0.175351) (R -0.468067 0.185587) (R -0.456405 0.194362) (R -0.429424 0.189683) (R -0.402677 0.183758) (R -0.369732 0.176288) (R -0.336551 0.170007) (R -0.303176 0.164799) (R -0.269676 0.160536) (R -0.236068 0.157086) (R -0.202402 0.154329) (R -0.170438 0.153930) (R -0.159605 0.171340) (R -0.139892 0.200766) (R -0.118944 0.229321) (R -0.096854 0.256998) (R -0.073736 0.283844) (R -0.042592 0.316898) (R -0.010305 0.348829) (R 0.016990 0.372843) (R 0.045096 0.395867) (R 0.050832 0.387334) (R 0.019596 0.351332) (R -0.005335 0.325143) (R -0.029591 0.298338) (R -0.053086 0.270859) (R -0.075694 0.242666) (R -0.097299 0.213687) (R -0.117745 0.183871) (R -0.137719 0.150828) (R -0.101234 0.148700) (R -0.064687 0.147181) (R -0.025181 0.145999) (R 0.014348 0.145411) (R 0.053880 0.145328) (R 0.093400 0.145744) (R 0.132918 0.146733) (R 0.172403 0.148528) (R 0.221950 0.152491) (R 0.271241 0.158961) (R 0.319950 0.168831) (R 0.367628 0.182909) (R 0.409368 0.201146) (R 0.440648 0.232201) (R 0.406088 0.261707) (R 0.360978 0.276318) (R 0.329430 0.282800) (R 0.297565 0.287613) (R 0.265550 0.291297) (R 0.233436 0.293961) (R 0.190623 0.296025) (R 0.147755 0.297142) (R 0.104106 0.298275) (R 0.060509 0.300328) (R 0.021123 0.307943) (R 0.017412 0.325806) (R 0.025827 0.334124) (R 0.068519 0.341705) (R 0.111370 0.348413) (R 0.159494 0.356325) (R 0.207223 0.366388) (R 0.242434 0.377288) (R 0.234805 0.380258) (R 0.189163 0.390799) (R 0.142669 0.396941) (R 0.109414 0.401210) (R 0.080244 0.404956) (R 0.050850 0.405877) (R 0.027106 0.405924) (R 0.025224 0.408112) (R 0.024312 0.416965) (R 0.046195 0.427163) (R 0.071464 0.429323) (R 0.109805 0.426852) (R 0.142669 0.423141) (R 0.169619 0.420126) (R 0.196475 0.416349) (R 0.223083 0.411110) (R 0.249085 0.403461) (R 0.277246 0.385969) (R 0.272581 0.365110) (R 0.257262 0.355135) (R 0.234819 0.346083) (R 0.199236 0.336490) (R 0.163404 0.327891) (R 0.176315 0.326217) (R 0.211221 0.324574) (R 0.246080 0.321902) (R 0.280832 0.318163) (R 0.315444 0.313226) (R 0.349801 0.306801) (R 0.383667 0.298212) (R 0.420987 0.284628) (R 0.453937 0.262773) (R 0.468067 0.232200) (R 0.459547 0.206057) (R 0.439517 0.186641) (R 0.398457 0.163026) (R 0.354209 0.145938) (R 0.308526 0.133127) (R 0.261996 0.123889) (R 0.223946 0.118640) (R 0.185704 0.114942) (R 0.147392 0.112364) (R 0.109021 0.110475) (R 0.071470 0.109649) (R 0.033904 0.109215) (R -0.007002 0.109153) (R -0.047886 0.109627) (R -0.088774 0.110691) (R -0.129633 0.112507) (R -0.154339 0.113655) (R -0.158700 0.113655) (R -0.166217 0.098202) (R -0.184612 0.057699) (R -0.200406 0.016104) (R -0.212781 -0.026619) (R -0.220936 -0.070356) (R -0.222754 -0.100999) (R -0.221300 -0.131650) (R -0.216080 -0.159096) (R -0.207889 -0.185785) (R -0.196468 -0.211262) (R -0.181943 -0.235106) (R -0.161333 -0.260556) (R -0.137858 -0.283378) (R -0.112296 -0.303860) (R -0.085032 -0.322036) (R -0.061662 -0.335026) (R -0.037692 -0.346861) (R -0.000100 -0.361045) (R 0.038079 -0.373645) (R 0.076556 -0.385323) (R 0.115281 -0.396092) (R 0.137826 -0.402542) (R 0.143569 -0.423083) (R 0.132053 -0.429323) (R 0.112934 -0.425003) (R 0.112934 -0.425003);

